<?xml version="1.0" encoding="UTF-8"?>
<!-- Generated by org.testng.reporters.JUnitReportReporter -->
<testsuite hostname="DESKTOP-SN2T5CB" failures="0" tests="1" name="Infy.PDFbrokenlinks" time="8.413" errors="0" timestamp="2020-07-07T20:46:09 IST" skipped="0">
  <testcase classname="Infy.PDFbrokenlinks" name="assignment" time="8.413"/>
  <system-out/>
</testsuite> <!-- Infy.PDFbrokenlinks -->
